Started GET "/" for 127.0.0.1 at 2023-01-16 20:20:58 +0530
Started GET "/" for 127.0.0.1 at 2023-01-16 20:20:58 +0530
Processing by Rails::WelcomeController#index as HTML
Processing by Rails::WelcomeController#index as HTML
  Rendering C:/Ruby32-x64/lib/ruby/gems/3.2.0/gems/railties-7.0.4/lib/rails/templates/rails/welcome/index.html.erb
  Rendering C:/Ruby32-x64/lib/ruby/gems/3.2.0/gems/railties-7.0.4/lib/rails/templates/rails/welcome/index.html.erb
  Rendered C:/Ruby32-x64/lib/ruby/gems/3.2.0/gems/railties-7.0.4/lib/rails/templates/rails/welcome/index.html.erb (Duration: 489.2ms | Allocations: 678)
Completed 200 OK in 933ms (Views: 669.8ms | ActiveRecord: 0.0ms | Allocations: 6108)


  Rendered C:/Ruby32-x64/lib/ruby/gems/3.2.0/gems/railties-7.0.4/lib/rails/templates/rails/welcome/index.html.erb (Duration: 490.4ms | Allocations: 693)
Completed 200 OK in 962ms (Views: 728.2ms | ActiveRecord: 0.0ms | Allocations: 6192)


Started GET "/" for 127.0.0.1 at 2023-01-16 20:21:47 +0530
Processing by ApplicationController#landingpage as HTML
  Rendering html template
  Rendered html template (Duration: 0.1ms | Allocations: 13)
Completed 200 OK in 25ms (Views: 20.7ms | ActiveRecord: 0.0ms | Allocations: 726)


  [1m[35m (579.9ms)[0m  [1m[35mCREATE TABLE "schema_migrations" ("version" character varying NOT NULL PRIMARY KEY)[0m
  [1m[35m (196.0ms)[0m  [1m[35mCREATE TABLE "ar_internal_metadata" ("key" character varying NOT NULL PRIMARY KEY, "value" character varying, "created_at" timestamp(6) NOT NULL, "updated_at" timestamp(6) NOT NULL)[0m
  [1m[35m (0.9ms)[0m  [1m[34mSELECT pg_try_advisory_lock(5791714243074593820)[0m
  [1m[36mActiveRecord::SchemaMigration Pluck (11.5ms)[0m  [1m[34mSELECT "schema_migrations"."version" FROM "schema_migrations" ORDER BY "schema_migrations"."version" ASC[0m
Migrating to CreateBookmanages (20230116145645)
  [1m[36mTRANSACTION (15.2ms)[0m  [1m[35mBEGIN[0m
  [1m[35m (233.5ms)[0m  [1m[35mCREATE TABLE "bookmanages" ("id" bigserial primary key, "bookName" character varying, "bookAuthor" character varying, "bookQuantity" bigint, "created_at" timestamp(6) NOT NULL, "updated_at" timestamp(6) NOT NULL)[0m
  [1m[36mActiveRecord::SchemaMigration Create (16.9ms)[0m  [1m[32mINSERT INTO "schema_migrations" ("version") VALUES ($1) RETURNING "version"[0m  [["version", "20230116145645"]]
  [1m[36mTRANSACTION (0.8ms)[0m  [1m[35mCOMMIT[0m
  [1m[36mActiveRecord::InternalMetadata Load (2.8ms)[0m  [1m[34mSELECT "ar_internal_metadata".* FROM "ar_internal_metadata" WHERE "ar_internal_metadata"."key" = $1 LIMIT $2[0m  [["key", "environment"], ["LIMIT", 1]]
  [1m[36mTRANSACTION (0.5ms)[0m  [1m[35mBEGIN[0m
  [1m[36mActiveRecord::InternalMetadata Create (18.1ms)[0m  [1m[32mINSERT INTO "ar_internal_metadata" ("key", "value", "created_at", "updated_at") VALUES ($1, $2, $3, $4) RETURNING "key"[0m  [["key", "environment"], ["value", "development"], ["created_at", "2023-01-16 15:10:14.950705"], ["updated_at", "2023-01-16 15:10:14.950705"]]
  [1m[36mTRANSACTION (0.9ms)[0m  [1m[35mCOMMIT[0m
  [1m[35m (1.1ms)[0m  [1m[34mSELECT pg_advisory_unlock(5791714243074593820)[0m
  [1m[36mActiveRecord::SchemaMigration Pluck (4.8ms)[0m  [1m[34mSELECT "schema_migrations"."version" FROM "schema_migrations" ORDER BY "schema_migrations"."version" ASC[0m
Started GET "/bookmanage" for 127.0.0.1 at 2023-01-16 20:43:14 +0530
Started GET "/bookmanage" for 127.0.0.1 at 2023-01-16 20:43:14 +0530
  [1m[36mActiveRecord::SchemaMigration Pluck (5.7ms)[0m  [1m[34mSELECT "schema_migrations"."version" FROM "schema_migrations" ORDER BY "schema_migrations"."version" ASC[0m
  
AbstractController::ActionNotFound (The action 'index' could not be found for BookmanageController):
  
actionpack (7.0.4) lib/abstract_controller/base.rb:146:in `process'
actionview (7.0.4) lib/action_view/rendering.rb:39:in `process'
actionpack (7.0.4) lib/action_controller/metal.rb:188:in `dispatch'
actionpack (7.0.4) lib/action_controller/metal.rb:251:in `dispatch'
actionpack (7.0.4) lib/action_dispatch/routing/route_set.rb:49:in `dispatch'
actionpack (7.0.4) lib/action_dispatch/routing/route_set.rb:32:in `serve'
actionpack (7.0.4) lib/action_dispatch/journey/router.rb:50:in `block in serve'
actionpack (7.0.4) lib/action_dispatch/journey/router.rb:32:in `each'
actionpack (7.0.4) lib/action_dispatch/journey/router.rb:32:in `serve'
actionpack (7.0.4) lib/action_dispatch/routing/route_set.rb:852:in `call'
rack (2.2.5) lib/rack/tempfile_reaper.rb:15:in `call'
rack (2.2.5) lib/rack/etag.rb:27:in `call'
rack (2.2.5) lib/rack/conditional_get.rb:27:in `call'
rack (2.2.5) lib/rack/head.rb:12:in `call'
actionpack (7.0.4) lib/action_dispatch/http/permissions_policy.rb:38:in `call'
actionpack (7.0.4) lib/action_dispatch/http/content_security_policy.rb:36:in `call'
rack (2.2.5) lib/rack/session/abstract/id.rb:266:in `context'
rack (2.2.5) lib/rack/session/abstract/id.rb:260:in `call'
actionpack (7.0.4) lib/action_dispatch/middleware/cookies.rb:696:in `call'
activerecord (7.0.4) lib/active_record/migration.rb:603:in `call'
actionpack (7.0.4) lib/action_dispatch/middleware/callbacks.rb:27:in `block in call'
activesupport (7.0.4) lib/active_support/callbacks.rb:99:in `run_callbacks'
actionpack (7.0.4) lib/action_dispatch/middleware/callbacks.rb:26:in `call'
actionpack (7.0.4) lib/action_dispatch/middleware/executor.rb:14:in `call'
actionpack (7.0.4) lib/action_dispatch/middleware/actionable_exceptions.rb:17:in `call'
actionpack (7.0.4) lib/action_dispatch/middleware/debug_exceptions.rb:28:in `call'
web-console (4.2.0) lib/web_console/middleware.rb:132:in `call_app'
web-console (4.2.0) lib/web_console/middleware.rb:28:in `block in call'
web-console (4.2.0) lib/web_console/middleware.rb:17:in `catch'
web-console (4.2.0) lib/web_console/middleware.rb:17:in `call'
actionpack (7.0.4) lib/action_dispatch/middleware/show_exceptions.rb:26:in `call'
railties (7.0.4) lib/rails/rack/logger.rb:40:in `call_app'
railties (7.0.4) lib/rails/rack/logger.rb:25:in `block in call'
activesupport (7.0.4) lib/active_support/tagged_logging.rb:99:in `block in tagged'
activesupport (7.0.4) lib/active_support/tagged_logging.rb:37:in `tagged'
activesupport (7.0.4) lib/active_support/tagged_logging.rb:99:in `tagged'
railties (7.0.4) lib/rails/rack/logger.rb:25:in `call'
sprockets-rails (3.4.2) lib/sprockets/rails/quiet_assets.rb:13:in `call'
actionpack (7.0.4) lib/action_dispatch/middleware/remote_ip.rb:93:in `call'
actionpack (7.0.4) lib/action_dispatch/middleware/request_id.rb:26:in `call'
rack (2.2.5) lib/rack/method_override.rb:24:in `call'
rack (2.2.5) lib/rack/runtime.rb:22:in `call'
activesupport (7.0.4) lib/active_support/cache/strategy/local_cache_middleware.rb:29:in `call'
actionpack (7.0.4) lib/action_dispatch/middleware/server_timing.rb:61:in `block in call'
actionpack (7.0.4) lib/action_dispatch/middleware/server_timing.rb:26:in `collect_events'
actionpack (7.0.4) lib/action_dispatch/middleware/server_timing.rb:60:in `call'
actionpack (7.0.4) lib/action_dispatch/middleware/executor.rb:14:in `call'
actionpack (7.0.4) lib/action_dispatch/middleware/static.rb:23:in `call'
rack (2.2.5) lib/rack/sendfile.rb:110:in `call'
actionpack (7.0.4) lib/action_dispatch/middleware/host_authorization.rb:137:in `call'
railties (7.0.4) lib/rails/engine.rb:530:in `call'
puma (5.6.5) lib/puma/configuration.rb:252:in `call'
puma (5.6.5) lib/puma/request.rb:77:in `block in handle_request'
puma (5.6.5) lib/puma/thread_pool.rb:340:in `with_force_shutdown'
puma (5.6.5) lib/puma/request.rb:76:in `handle_request'
puma (5.6.5) lib/puma/server.rb:443:in `process_client'
puma (5.6.5) lib/puma/thread_pool.rb:147:in `block in spawn_thread'
  
AbstractController::ActionNotFound (The action 'index' could not be found for BookmanageController):
  
actionpack (7.0.4) lib/abstract_controller/base.rb:146:in `process'
actionview (7.0.4) lib/action_view/rendering.rb:39:in `process'
actionpack (7.0.4) lib/action_controller/metal.rb:188:in `dispatch'
actionpack (7.0.4) lib/action_controller/metal.rb:251:in `dispatch'
actionpack (7.0.4) lib/action_dispatch/routing/route_set.rb:49:in `dispatch'
actionpack (7.0.4) lib/action_dispatch/routing/route_set.rb:32:in `serve'
actionpack (7.0.4) lib/action_dispatch/journey/router.rb:50:in `block in serve'
actionpack (7.0.4) lib/action_dispatch/journey/router.rb:32:in `each'
actionpack (7.0.4) lib/action_dispatch/journey/router.rb:32:in `serve'
actionpack (7.0.4) lib/action_dispatch/routing/route_set.rb:852:in `call'
rack (2.2.5) lib/rack/tempfile_reaper.rb:15:in `call'
rack (2.2.5) lib/rack/etag.rb:27:in `call'
rack (2.2.5) lib/rack/conditional_get.rb:27:in `call'
rack (2.2.5) lib/rack/head.rb:12:in `call'
actionpack (7.0.4) lib/action_dispatch/http/permissions_policy.rb:38:in `call'
actionpack (7.0.4) lib/action_dispatch/http/content_security_policy.rb:36:in `call'
rack (2.2.5) lib/rack/session/abstract/id.rb:266:in `context'
rack (2.2.5) lib/rack/session/abstract/id.rb:260:in `call'
actionpack (7.0.4) lib/action_dispatch/middleware/cookies.rb:696:in `call'
activerecord (7.0.4) lib/active_record/migration.rb:603:in `call'
actionpack (7.0.4) lib/action_dispatch/middleware/callbacks.rb:27:in `block in call'
activesupport (7.0.4) lib/active_support/callbacks.rb:99:in `run_callbacks'
actionpack (7.0.4) lib/action_dispatch/middleware/callbacks.rb:26:in `call'
actionpack (7.0.4) lib/action_dispatch/middleware/executor.rb:14:in `call'
actionpack (7.0.4) lib/action_dispatch/middleware/actionable_exceptions.rb:17:in `call'
actionpack (7.0.4) lib/action_dispatch/middleware/debug_exceptions.rb:28:in `call'
web-console (4.2.0) lib/web_console/middleware.rb:132:in `call_app'
web-console (4.2.0) lib/web_console/middleware.rb:28:in `block in call'
web-console (4.2.0) lib/web_console/middleware.rb:17:in `catch'
web-console (4.2.0) lib/web_console/middleware.rb:17:in `call'
actionpack (7.0.4) lib/action_dispatch/middleware/show_exceptions.rb:26:in `call'
railties (7.0.4) lib/rails/rack/logger.rb:40:in `call_app'
railties (7.0.4) lib/rails/rack/logger.rb:25:in `block in call'
activesupport (7.0.4) lib/active_support/tagged_logging.rb:99:in `block in tagged'
activesupport (7.0.4) lib/active_support/tagged_logging.rb:37:in `tagged'
activesupport (7.0.4) lib/active_support/tagged_logging.rb:99:in `tagged'
railties (7.0.4) lib/rails/rack/logger.rb:25:in `call'
sprockets-rails (3.4.2) lib/sprockets/rails/quiet_assets.rb:13:in `call'
actionpack (7.0.4) lib/action_dispatch/middleware/remote_ip.rb:93:in `call'
actionpack (7.0.4) lib/action_dispatch/middleware/request_id.rb:26:in `call'
rack (2.2.5) lib/rack/method_override.rb:24:in `call'
rack (2.2.5) lib/rack/runtime.rb:22:in `call'
activesupport (7.0.4) lib/active_support/cache/strategy/local_cache_middleware.rb:29:in `call'
actionpack (7.0.4) lib/action_dispatch/middleware/server_timing.rb:61:in `block in call'
actionpack (7.0.4) lib/action_dispatch/middleware/server_timing.rb:26:in `collect_events'
actionpack (7.0.4) lib/action_dispatch/middleware/server_timing.rb:60:in `call'
actionpack (7.0.4) lib/action_dispatch/middleware/executor.rb:14:in `call'
actionpack (7.0.4) lib/action_dispatch/middleware/static.rb:23:in `call'
rack (2.2.5) lib/rack/sendfile.rb:110:in `call'
actionpack (7.0.4) lib/action_dispatch/middleware/host_authorization.rb:137:in `call'
railties (7.0.4) lib/rails/engine.rb:530:in `call'
puma (5.6.5) lib/puma/configuration.rb:252:in `call'
puma (5.6.5) lib/puma/request.rb:77:in `block in handle_request'
puma (5.6.5) lib/puma/thread_pool.rb:340:in `with_force_shutdown'
puma (5.6.5) lib/puma/request.rb:76:in `handle_request'
puma (5.6.5) lib/puma/server.rb:443:in `process_client'
puma (5.6.5) lib/puma/thread_pool.rb:147:in `block in spawn_thread'

NameError: constant WebConsole::SourceLocation not defined
	from C:/Ruby32-x64/lib/ruby/gems/3.2.0/gems/web-console-4.2.0/lib/web_console/exception_mapper.rb:51:in `block in guess_the_first_application_binding'
	from C:/Ruby32-x64/lib/ruby/gems/3.2.0/gems/web-console-4.2.0/lib/web_console/exception_mapper.rb:50:in `each'
	from C:/Ruby32-x64/lib/ruby/gems/3.2.0/gems/web-console-4.2.0/lib/web_console/exception_mapper.rb:50:in `find'
	from C:/Ruby32-x64/lib/ruby/gems/3.2.0/gems/web-console-4.2.0/lib/web_console/exception_mapper.rb:50:in `guess_the_first_application_binding'
	from C:/Ruby32-x64/lib/ruby/gems/3.2.0/gems/web-console-4.2.0/lib/web_console/exception_mapper.rb:30:in `first'
	from C:/Ruby32-x64/lib/ruby/gems/3.2.0/gems/web-console-4.2.0/lib/web_console/session.rb:48:in `initialize'
	from C:/Ruby32-x64/lib/ruby/gems/3.2.0/gems/web-console-4.2.0/lib/web_console/session.rb:34:in `new'
	from C:/Ruby32-x64/lib/ruby/gems/3.2.0/gems/web-console-4.2.0/lib/web_console/session.rb:34:in `from'
	from C:/Ruby32-x64/lib/ruby/gems/3.2.0/gems/web-console-4.2.0/lib/web_console/middleware.rb:30:in `block in call'
	from C:/Ruby32-x64/lib/ruby/gems/3.2.0/gems/web-console-4.2.0/lib/web_console/middleware.rb:17:in `catch'
	from C:/Ruby32-x64/lib/ruby/gems/3.2.0/gems/web-console-4.2.0/lib/web_console/middleware.rb:17:in `call'
	from C:/Ruby32-x64/lib/ruby/gems/3.2.0/gems/actionpack-7.0.4/lib/action_dispatch/middleware/show_exceptions.rb:26:in `call'
	from C:/Ruby32-x64/lib/ruby/gems/3.2.0/gems/railties-7.0.4/lib/rails/rack/logger.rb:40:in `call_app'
	from C:/Ruby32-x64/lib/ruby/gems/3.2.0/gems/railties-7.0.4/lib/rails/rack/logger.rb:25:in `block in call'
	from C:/Ruby32-x64/lib/ruby/gems/3.2.0/gems/activesupport-7.0.4/lib/active_support/tagged_logging.rb:99:in `block in tagged'
	from C:/Ruby32-x64/lib/ruby/gems/3.2.0/gems/activesupport-7.0.4/lib/active_support/tagged_logging.rb:37:in `tagged'
	from C:/Ruby32-x64/lib/ruby/gems/3.2.0/gems/activesupport-7.0.4/lib/active_support/tagged_logging.rb:99:in `tagged'
	from C:/Ruby32-x64/lib/ruby/gems/3.2.0/gems/railties-7.0.4/lib/rails/rack/logger.rb:25:in `call'
	from C:/Ruby32-x64/lib/ruby/gems/3.2.0/gems/sprockets-rails-3.4.2/lib/sprockets/rails/quiet_assets.rb:13:in `call'
	from C:/Ruby32-x64/lib/ruby/gems/3.2.0/gems/actionpack-7.0.4/lib/action_dispatch/middleware/remote_ip.rb:93:in `call'
	from C:/Ruby32-x64/lib/ruby/gems/3.2.0/gems/actionpack-7.0.4/lib/action_dispatch/middleware/request_id.rb:26:in `call'
	from C:/Ruby32-x64/lib/ruby/gems/3.2.0/gems/rack-2.2.5/lib/rack/method_override.rb:24:in `call'
	from C:/Ruby32-x64/lib/ruby/gems/3.2.0/gems/rack-2.2.5/lib/rack/runtime.rb:22:in `call'
	from C:/Ruby32-x64/lib/ruby/gems/3.2.0/gems/activesupport-7.0.4/lib/active_support/cache/strategy/local_cache_middleware.rb:29:in `call'
	from C:/Ruby32-x64/lib/ruby/gems/3.2.0/gems/actionpack-7.0.4/lib/action_dispatch/middleware/server_timing.rb:61:in `block in call'
	from C:/Ruby32-x64/lib/ruby/gems/3.2.0/gems/actionpack-7.0.4/lib/action_dispatch/middleware/server_timing.rb:26:in `collect_events'
	from C:/Ruby32-x64/lib/ruby/gems/3.2.0/gems/actionpack-7.0.4/lib/action_dispatch/middleware/server_timing.rb:60:in `call'
	from C:/Ruby32-x64/lib/ruby/gems/3.2.0/gems/actionpack-7.0.4/lib/action_dispatch/middleware/executor.rb:14:in `call'
	from C:/Ruby32-x64/lib/ruby/gems/3.2.0/gems/actionpack-7.0.4/lib/action_dispatch/middleware/static.rb:23:in `call'
	from C:/Ruby32-x64/lib/ruby/gems/3.2.0/gems/rack-2.2.5/lib/rack/sendfile.rb:110:in `call'
	from C:/Ruby32-x64/lib/ruby/gems/3.2.0/gems/actionpack-7.0.4/lib/action_dispatch/middleware/host_authorization.rb:137:in `call'
	from C:/Ruby32-x64/lib/ruby/gems/3.2.0/gems/railties-7.0.4/lib/rails/engine.rb:530:in `call'
	from C:/Ruby32-x64/lib/ruby/gems/3.2.0/gems/puma-5.6.5/lib/puma/configuration.rb:252:in `call'
	from C:/Ruby32-x64/lib/ruby/gems/3.2.0/gems/puma-5.6.5/lib/puma/request.rb:77:in `block in handle_request'
	from C:/Ruby32-x64/lib/ruby/gems/3.2.0/gems/puma-5.6.5/lib/puma/thread_pool.rb:340:in `with_force_shutdown'
	from C:/Ruby32-x64/lib/ruby/gems/3.2.0/gems/puma-5.6.5/lib/puma/request.rb:76:in `handle_request'
	from C:/Ruby32-x64/lib/ruby/gems/3.2.0/gems/puma-5.6.5/lib/puma/server.rb:443:in `process_client'
	from C:/Ruby32-x64/lib/ruby/gems/3.2.0/gems/puma-5.6.5/lib/puma/thread_pool.rb:147:in `block in spawn_thread'
Started GET "/" for 127.0.0.1 at 2023-01-16 20:43:29 +0530
Processing by ApplicationController#landingpage as HTML
  Rendering html template
  Rendered html template (Duration: 3.5ms | Allocations: 10)
Completed 200 OK in 412ms (Views: 48.8ms | ActiveRecord: 0.0ms | Allocations: 12655)


Started GET "/bookmanage" for 127.0.0.1 at 2023-01-16 20:43:38 +0530
  
AbstractController::ActionNotFound (The action 'index' could not be found for BookmanageController):
  
actionpack (7.0.4) lib/abstract_controller/base.rb:146:in `process'
actionview (7.0.4) lib/action_view/rendering.rb:39:in `process'
actionpack (7.0.4) lib/action_controller/metal.rb:188:in `dispatch'
actionpack (7.0.4) lib/action_controller/metal.rb:251:in `dispatch'
actionpack (7.0.4) lib/action_dispatch/routing/route_set.rb:49:in `dispatch'
actionpack (7.0.4) lib/action_dispatch/routing/route_set.rb:32:in `serve'
actionpack (7.0.4) lib/action_dispatch/journey/router.rb:50:in `block in serve'
actionpack (7.0.4) lib/action_dispatch/journey/router.rb:32:in `each'
actionpack (7.0.4) lib/action_dispatch/journey/router.rb:32:in `serve'
actionpack (7.0.4) lib/action_dispatch/routing/route_set.rb:852:in `call'
rack (2.2.5) lib/rack/tempfile_reaper.rb:15:in `call'
rack (2.2.5) lib/rack/etag.rb:27:in `call'
rack (2.2.5) lib/rack/conditional_get.rb:27:in `call'
rack (2.2.5) lib/rack/head.rb:12:in `call'
actionpack (7.0.4) lib/action_dispatch/http/permissions_policy.rb:38:in `call'
actionpack (7.0.4) lib/action_dispatch/http/content_security_policy.rb:36:in `call'
rack (2.2.5) lib/rack/session/abstract/id.rb:266:in `context'
rack (2.2.5) lib/rack/session/abstract/id.rb:260:in `call'
actionpack (7.0.4) lib/action_dispatch/middleware/cookies.rb:696:in `call'
activerecord (7.0.4) lib/active_record/migration.rb:603:in `call'
actionpack (7.0.4) lib/action_dispatch/middleware/callbacks.rb:27:in `block in call'
activesupport (7.0.4) lib/active_support/callbacks.rb:99:in `run_callbacks'
actionpack (7.0.4) lib/action_dispatch/middleware/callbacks.rb:26:in `call'
actionpack (7.0.4) lib/action_dispatch/middleware/executor.rb:14:in `call'
actionpack (7.0.4) lib/action_dispatch/middleware/actionable_exceptions.rb:17:in `call'
actionpack (7.0.4) lib/action_dispatch/middleware/debug_exceptions.rb:28:in `call'
web-console (4.2.0) lib/web_console/middleware.rb:132:in `call_app'
web-console (4.2.0) lib/web_console/middleware.rb:28:in `block in call'
web-console (4.2.0) lib/web_console/middleware.rb:17:in `catch'
web-console (4.2.0) lib/web_console/middleware.rb:17:in `call'
actionpack (7.0.4) lib/action_dispatch/middleware/show_exceptions.rb:26:in `call'
railties (7.0.4) lib/rails/rack/logger.rb:40:in `call_app'
railties (7.0.4) lib/rails/rack/logger.rb:25:in `block in call'
activesupport (7.0.4) lib/active_support/tagged_logging.rb:99:in `block in tagged'
activesupport (7.0.4) lib/active_support/tagged_logging.rb:37:in `tagged'
activesupport (7.0.4) lib/active_support/tagged_logging.rb:99:in `tagged'
railties (7.0.4) lib/rails/rack/logger.rb:25:in `call'
sprockets-rails (3.4.2) lib/sprockets/rails/quiet_assets.rb:13:in `call'
actionpack (7.0.4) lib/action_dispatch/middleware/remote_ip.rb:93:in `call'
actionpack (7.0.4) lib/action_dispatch/middleware/request_id.rb:26:in `call'
rack (2.2.5) lib/rack/method_override.rb:24:in `call'
rack (2.2.5) lib/rack/runtime.rb:22:in `call'
activesupport (7.0.4) lib/active_support/cache/strategy/local_cache_middleware.rb:29:in `call'
actionpack (7.0.4) lib/action_dispatch/middleware/server_timing.rb:61:in `block in call'
actionpack (7.0.4) lib/action_dispatch/middleware/server_timing.rb:26:in `collect_events'
actionpack (7.0.4) lib/action_dispatch/middleware/server_timing.rb:60:in `call'
actionpack (7.0.4) lib/action_dispatch/middleware/executor.rb:14:in `call'
actionpack (7.0.4) lib/action_dispatch/middleware/static.rb:23:in `call'
rack (2.2.5) lib/rack/sendfile.rb:110:in `call'
actionpack (7.0.4) lib/action_dispatch/middleware/host_authorization.rb:137:in `call'
railties (7.0.4) lib/rails/engine.rb:530:in `call'
puma (5.6.5) lib/puma/configuration.rb:252:in `call'
puma (5.6.5) lib/puma/request.rb:77:in `block in handle_request'
puma (5.6.5) lib/puma/thread_pool.rb:340:in `with_force_shutdown'
puma (5.6.5) lib/puma/request.rb:76:in `handle_request'
puma (5.6.5) lib/puma/server.rb:443:in `process_client'
puma (5.6.5) lib/puma/thread_pool.rb:147:in `block in spawn_thread'
Started GET "/bookmanage" for 127.0.0.1 at 2023-01-16 20:55:00 +0530
  [1m[36mActiveRecord::SchemaMigration Pluck (2.7ms)[0m  [1m[34mSELECT "schema_migrations"."version" FROM "schema_migrations" ORDER BY "schema_migrations"."version" ASC[0m
  
NameError (undefined local variable or method `t' for main:Object):
  
app/controllers/bookmanage_controller.rb:47:in `<main>'
Started GET "/bookmanage" for 127.0.0.1 at 2023-01-16 20:55:27 +0530
  
ArgumentError (Before process_action callback :verify_authenticity_token has not been defined):
  
app/controllers/bookmanage_controller.rb:2:in `<class:BookmanageController>'
app/controllers/bookmanage_controller.rb:1:in `<main>'
Started GET "/" for 127.0.0.1 at 2023-01-16 20:55:44 +0530
Processing by ApplicationController#landingpage as HTML
  Rendering html template
  Rendered html template (Duration: 0.1ms | Allocations: 11)
Completed 200 OK in 29ms (Views: 6.6ms | ActiveRecord: 0.0ms | Allocations: 1762)


Started GET "/bookmanage" for 127.0.0.1 at 2023-01-16 20:55:58 +0530
  
ArgumentError (Before process_action callback :verify_authenticity_token has not been defined):
  
app/controllers/bookmanage_controller.rb:2:in `<class:BookmanageController>'
app/controllers/bookmanage_controller.rb:1:in `<main>'
Started GET "/bookmanage" for 127.0.0.1 at 2023-01-16 20:57:48 +0530
  
NameError (undefined local variable or method `t' for main:Object):
  
app/controllers/bookmanage_controller.rb:47:in `<main>'
Started GET "/bookmanage" for 127.0.0.1 at 2023-01-16 20:58:58 +0530
  [1m[36mActiveRecord::SchemaMigration Pluck (5.1ms)[0m  [1m[34mSELECT "schema_migrations"."version" FROM "schema_migrations" ORDER BY "schema_migrations"."version" ASC[0m
Processing by BookmanageController#index as HTML
  [1m[36mBookmanage Load (2.6ms)[0m  [1m[34mSELECT "bookmanages".* FROM "bookmanages"[0m
  ↳ app/controllers/bookmanage_controller.rb:6:in `index'
Completed 200 OK in 101ms (Views: 50.6ms | ActiveRecord: 2.6ms | Allocations: 2825)


Started POST "/bookmanage" for 127.0.0.1 at 2023-01-16 21:02:12 +0530
Error occurred while parsing request parameters.
Contents:

{
   "id": 1,
   "bookName": "Harry Potter",
   "bookAuthor": "JK Rowling",
   "bookQuantity: 4,
}
Processing by BookmanageController#create as */*
Completed 400 Bad Request in 9ms (ActiveRecord: 0.0ms | Allocations: 733)


  
ActionDispatch::Http::Parameters::ParseError (Error occurred while parsing request parameters):
  
app/controllers/bookmanage_controller.rb:16:in `create'
Started POST "/bookmanage" for 127.0.0.1 at 2023-01-16 21:02:43 +0530
Processing by BookmanageController#create as */*
  Parameters: {"id"=>1, "bookName"=>"Harry Potter", "bookAuthor"=>"JK Rowling", "bookQuantity"=>4, "bookmanage"=>{"id"=>1, "bookName"=>"Harry Potter", "bookAuthor"=>"JK Rowling", "bookQuantity"=>4}}
  [1m[36mTRANSACTION (12.9ms)[0m  [1m[35mBEGIN[0m
  ↳ app/controllers/bookmanage_controller.rb:19:in `create'
  [1m[36mBookmanage Create (90.7ms)[0m  [1m[32mINSERT INTO "bookmanages" ("bookName", "bookAuthor", "bookQuantity", "created_at", "updated_at") VALUES ($1, $2, $3, $4, $5) RETURNING "id"[0m  [["bookName", "Harry Potter"], ["bookAuthor", "JK Rowling"], ["bookQuantity", 4], ["created_at", "2023-01-16 15:32:44.357115"], ["updated_at", "2023-01-16 15:32:44.357115"]]
  ↳ app/controllers/bookmanage_controller.rb:19:in `create'
  [1m[36mTRANSACTION (1.9ms)[0m  [1m[35mCOMMIT[0m
  ↳ app/controllers/bookmanage_controller.rb:19:in `create'
Completed 200 OK in 465ms (Views: 0.2ms | ActiveRecord: 176.4ms | Allocations: 19012)


Started POST "/bookmanage" for 127.0.0.1 at 2023-01-16 21:03:46 +0530
Processing by BookmanageController#create as */*
  Parameters: {"id"=>2, "bookName"=>"Tenali Rama", "bookAuthor"=>"SN Joshi", "bookQuantity"=>10, "bookmanage"=>{"id"=>2, "bookName"=>"Tenali Rama", "bookAuthor"=>"SN Joshi", "bookQuantity"=>10}}
  [1m[36mTRANSACTION (0.3ms)[0m  [1m[35mBEGIN[0m
  ↳ app/controllers/bookmanage_controller.rb:19:in `create'
  [1m[36mBookmanage Create (1.2ms)[0m  [1m[32mINSERT INTO "bookmanages" ("bookName", "bookAuthor", "bookQuantity", "created_at", "updated_at") VALUES ($1, $2, $3, $4, $5) RETURNING "id"[0m  [["bookName", "Tenali Rama"], ["bookAuthor", "SN Joshi"], ["bookQuantity", 10], ["created_at", "2023-01-16 15:33:46.907292"], ["updated_at", "2023-01-16 15:33:46.907292"]]
  ↳ app/controllers/bookmanage_controller.rb:19:in `create'
  [1m[36mTRANSACTION (1.9ms)[0m  [1m[35mCOMMIT[0m
  ↳ app/controllers/bookmanage_controller.rb:19:in `create'
Completed 200 OK in 27ms (Views: 0.3ms | ActiveRecord: 3.5ms | Allocations: 1987)


Started POST "/bookmanage" for 127.0.0.1 at 2023-01-16 21:04:40 +0530
Processing by BookmanageController#create as */*
  Parameters: {"id"=>3, "bookName"=>"Chandamama", "bookAuthor"=>"KK devi", "bookQuantity"=>5, "bookmanage"=>{"id"=>3, "bookName"=>"Chandamama", "bookAuthor"=>"KK devi", "bookQuantity"=>5}}
  [1m[36mTRANSACTION (0.3ms)[0m  [1m[35mBEGIN[0m
  ↳ app/controllers/bookmanage_controller.rb:19:in `create'
  [1m[36mBookmanage Create (1.5ms)[0m  [1m[32mINSERT INTO "bookmanages" ("bookName", "bookAuthor", "bookQuantity", "created_at", "updated_at") VALUES ($1, $2, $3, $4, $5) RETURNING "id"[0m  [["bookName", "Chandamama"], ["bookAuthor", "KK devi"], ["bookQuantity", 5], ["created_at", "2023-01-16 15:34:40.704855"], ["updated_at", "2023-01-16 15:34:40.704855"]]
  ↳ app/controllers/bookmanage_controller.rb:19:in `create'
  [1m[36mTRANSACTION (2.9ms)[0m  [1m[35mCOMMIT[0m
  ↳ app/controllers/bookmanage_controller.rb:19:in `create'
Completed 200 OK in 45ms (Views: 0.6ms | ActiveRecord: 4.7ms | Allocations: 1976)


Started GET "/bookmanage/1" for 127.0.0.1 at 2023-01-16 21:05:22 +0530
Processing by BookmanageController#show as HTML
  Parameters: {"id"=>"1"}
  [1m[36mBookmanage Load (1.1ms)[0m  [1m[34mSELECT "bookmanages".* FROM "bookmanages" WHERE "bookmanages"."id" = $1 LIMIT $2[0m  [["id", 1], ["LIMIT", 1]]
  ↳ app/controllers/bookmanage_controller.rb:12:in `show'
Completed 200 OK in 319ms (Views: 27.5ms | ActiveRecord: 2.3ms | Allocations: 13704)


Started GET "/bookmanage/4" for 127.0.0.1 at 2023-01-16 21:05:29 +0530
Processing by BookmanageController#show as HTML
  Parameters: {"id"=>"4"}
  [1m[36mBookmanage Load (0.6ms)[0m  [1m[34mSELECT "bookmanages".* FROM "bookmanages" WHERE "bookmanages"."id" = $1 LIMIT $2[0m  [["id", 4], ["LIMIT", 1]]
  ↳ app/controllers/bookmanage_controller.rb:12:in `show'
Completed 404 Not Found in 9ms (ActiveRecord: 0.6ms | Allocations: 949)


  
ActiveRecord::RecordNotFound (Couldn't find Bookmanage with 'id'=4):
  
app/controllers/bookmanage_controller.rb:12:in `show'
Started GET "/bookmanage/3" for 127.0.0.1 at 2023-01-16 21:05:38 +0530
Processing by BookmanageController#show as HTML
  Parameters: {"id"=>"3"}
  [1m[36mBookmanage Load (0.5ms)[0m  [1m[34mSELECT "bookmanages".* FROM "bookmanages" WHERE "bookmanages"."id" = $1 LIMIT $2[0m  [["id", 3], ["LIMIT", 1]]
  ↳ app/controllers/bookmanage_controller.rb:12:in `show'
Completed 200 OK in 9ms (Views: 1.0ms | ActiveRecord: 0.5ms | Allocations: 711)


Started GET "/bookmanage/" for 127.0.0.1 at 2023-01-16 21:05:44 +0530
Processing by BookmanageController#index as HTML
  [1m[36mBookmanage Load (0.4ms)[0m  [1m[34mSELECT "bookmanages".* FROM "bookmanages"[0m
  ↳ app/controllers/bookmanage_controller.rb:6:in `index'
Completed 200 OK in 10ms (Views: 5.8ms | ActiveRecord: 0.4ms | Allocations: 1078)


Started GET "/bookmanage/" for 127.0.0.1 at 2023-01-16 21:24:06 +0530
  [1m[36mActiveRecord::SchemaMigration Pluck (3.3ms)[0m  [1m[34mSELECT "schema_migrations"."version" FROM "schema_migrations" ORDER BY "schema_migrations"."version" ASC[0m
Processing by BookmanageController#index as HTML
  [1m[36mBookmanage Load (2.8ms)[0m  [1m[34mSELECT "bookmanages".* FROM "bookmanages"[0m
  ↳ app/controllers/bookmanage_controller.rb:6:in `index'
Completed 200 OK in 67ms (Views: 25.1ms | ActiveRecord: 16.8ms | Allocations: 7695)


Started GET "/bookmanage/" for 127.0.0.1 at 2023-01-16 22:55:12 +0530
  [1m[36mActiveRecord::SchemaMigration Pluck (2.8ms)[0m  [1m[34mSELECT "schema_migrations"."version" FROM "schema_migrations" ORDER BY "schema_migrations"."version" ASC[0m
Processing by BookmanageController#index as HTML
  [1m[36mBookmanage Load (3.4ms)[0m  [1m[34mSELECT "bookmanages".* FROM "bookmanages"[0m
  ↳ app/controllers/bookmanage_controller.rb:6:in `index'
Completed 200 OK in 75ms (Views: 23.3ms | ActiveRecord: 22.0ms | Allocations: 7696)


Started GET "/booksearch" for 127.0.0.1 at 2023-01-16 22:55:33 +0530
  
ActionController::RoutingError (No route matches [GET] "/booksearch"):
  
Started GET "/booksearch" for 127.0.0.1 at 2023-01-16 22:56:03 +0530
  
ActionController::RoutingError (No route matches [GET] "/booksearch"):
  
Started GET "/booksearch" for 127.0.0.1 at 2023-01-16 22:56:06 +0530
  
ActionController::RoutingError (No route matches [GET] "/booksearch"):
  
Started GET "/bookmanage" for 127.0.0.1 at 2023-01-16 22:58:01 +0530
Started GET "/bookmanage" for 127.0.0.1 at 2023-01-16 22:58:07 +0530
Processing by BookmanageController#index as HTML
  [1m[36mBookmanage Load (0.9ms)[0m  [1m[34mSELECT "bookmanages".* FROM "bookmanages"[0m
  ↳ app/controllers/bookmanage_controller.rb:6:in `index'
Completed 200 OK in 81ms (Views: 29.1ms | ActiveRecord: 14.0ms | Allocations: 3499)


Processing by BookmanageController#index as HTML
  [1m[36mBookmanage Load (0.5ms)[0m  [1m[34mSELECT "bookmanages".* FROM "bookmanages"[0m
  ↳ app/controllers/bookmanage_controller.rb:6:in `index'
Completed 200 OK in 38ms (Views: 14.2ms | ActiveRecord: 13.1ms | Allocations: 3484)


Started GET "/booksearch" for 127.0.0.1 at 2023-01-16 22:58:41 +0530
  
ActionController::RoutingError (No route matches [GET] "/booksearch"):
  
Started GET "/booksearch" for 127.0.0.1 at 2023-01-16 22:59:22 +0530
Processing by BooksearchController#index as HTML
  Rendering html template
  Rendered html template (Duration: 0.1ms | Allocations: 10)
Completed 200 OK in 65ms (Views: 60.5ms | ActiveRecord: 0.0ms | Allocations: 595)


Started GET "/booksearch/%22Harry%20Potter%22" for 127.0.0.1 at 2023-01-16 23:01:42 +0530
  
AbstractController::ActionNotFound (The action 'show' could not be found for BooksearchController):
  
actionpack (7.0.4) lib/abstract_controller/base.rb:146:in `process'
actionview (7.0.4) lib/action_view/rendering.rb:39:in `process'
actionpack (7.0.4) lib/action_controller/metal.rb:188:in `dispatch'
actionpack (7.0.4) lib/action_controller/metal.rb:251:in `dispatch'
actionpack (7.0.4) lib/action_dispatch/routing/route_set.rb:49:in `dispatch'
actionpack (7.0.4) lib/action_dispatch/routing/route_set.rb:32:in `serve'
actionpack (7.0.4) lib/action_dispatch/journey/router.rb:50:in `block in serve'
actionpack (7.0.4) lib/action_dispatch/journey/router.rb:32:in `each'
actionpack (7.0.4) lib/action_dispatch/journey/router.rb:32:in `serve'
actionpack (7.0.4) lib/action_dispatch/routing/route_set.rb:852:in `call'
rack (2.2.5) lib/rack/tempfile_reaper.rb:15:in `call'
rack (2.2.5) lib/rack/etag.rb:27:in `call'
rack (2.2.5) lib/rack/conditional_get.rb:27:in `call'
rack (2.2.5) lib/rack/head.rb:12:in `call'
actionpack (7.0.4) lib/action_dispatch/http/permissions_policy.rb:38:in `call'
actionpack (7.0.4) lib/action_dispatch/http/content_security_policy.rb:36:in `call'
rack (2.2.5) lib/rack/session/abstract/id.rb:266:in `context'
rack (2.2.5) lib/rack/session/abstract/id.rb:260:in `call'
actionpack (7.0.4) lib/action_dispatch/middleware/cookies.rb:696:in `call'
activerecord (7.0.4) lib/active_record/migration.rb:603:in `call'
actionpack (7.0.4) lib/action_dispatch/middleware/callbacks.rb:27:in `block in call'
activesupport (7.0.4) lib/active_support/callbacks.rb:99:in `run_callbacks'
actionpack (7.0.4) lib/action_dispatch/middleware/callbacks.rb:26:in `call'
actionpack (7.0.4) lib/action_dispatch/middleware/executor.rb:14:in `call'
actionpack (7.0.4) lib/action_dispatch/middleware/actionable_exceptions.rb:17:in `call'
actionpack (7.0.4) lib/action_dispatch/middleware/debug_exceptions.rb:28:in `call'
web-console (4.2.0) lib/web_console/middleware.rb:132:in `call_app'
web-console (4.2.0) lib/web_console/middleware.rb:28:in `block in call'
web-console (4.2.0) lib/web_console/middleware.rb:17:in `catch'
web-console (4.2.0) lib/web_console/middleware.rb:17:in `call'
actionpack (7.0.4) lib/action_dispatch/middleware/show_exceptions.rb:26:in `call'
railties (7.0.4) lib/rails/rack/logger.rb:40:in `call_app'
railties (7.0.4) lib/rails/rack/logger.rb:25:in `block in call'
activesupport (7.0.4) lib/active_support/tagged_logging.rb:99:in `block in tagged'
activesupport (7.0.4) lib/active_support/tagged_logging.rb:37:in `tagged'
activesupport (7.0.4) lib/active_support/tagged_logging.rb:99:in `tagged'
railties (7.0.4) lib/rails/rack/logger.rb:25:in `call'
sprockets-rails (3.4.2) lib/sprockets/rails/quiet_assets.rb:13:in `call'
actionpack (7.0.4) lib/action_dispatch/middleware/remote_ip.rb:93:in `call'
actionpack (7.0.4) lib/action_dispatch/middleware/request_id.rb:26:in `call'
rack (2.2.5) lib/rack/method_override.rb:24:in `call'
rack (2.2.5) lib/rack/runtime.rb:22:in `call'
activesupport (7.0.4) lib/active_support/cache/strategy/local_cache_middleware.rb:29:in `call'
actionpack (7.0.4) lib/action_dispatch/middleware/server_timing.rb:61:in `block in call'
actionpack (7.0.4) lib/action_dispatch/middleware/server_timing.rb:26:in `collect_events'
actionpack (7.0.4) lib/action_dispatch/middleware/server_timing.rb:60:in `call'
actionpack (7.0.4) lib/action_dispatch/middleware/executor.rb:14:in `call'
actionpack (7.0.4) lib/action_dispatch/middleware/static.rb:23:in `call'
rack (2.2.5) lib/rack/sendfile.rb:110:in `call'
actionpack (7.0.4) lib/action_dispatch/middleware/host_authorization.rb:137:in `call'
railties (7.0.4) lib/rails/engine.rb:530:in `call'
puma (5.6.5) lib/puma/configuration.rb:252:in `call'
puma (5.6.5) lib/puma/request.rb:77:in `block in handle_request'
puma (5.6.5) lib/puma/thread_pool.rb:340:in `with_force_shutdown'
puma (5.6.5) lib/puma/request.rb:76:in `handle_request'
puma (5.6.5) lib/puma/server.rb:443:in `process_client'
puma (5.6.5) lib/puma/thread_pool.rb:147:in `block in spawn_thread'
Started GET "/bookmanage/1" for 127.0.0.1 at 2023-01-16 23:03:03 +0530
Processing by BookmanageController#show as */*
  Parameters: {"email"=>"Hema@gmail.com", "password"=>"[FILTERED]", "id"=>"1", "bookmanage"=>{}}
  [1m[36mBookmanage Load (25.8ms)[0m  [1m[34mSELECT "bookmanages".* FROM "bookmanages" WHERE "bookmanages"."id" = $1 LIMIT $2[0m  [["id", 1], ["LIMIT", 1]]
  ↳ app/controllers/bookmanage_controller.rb:12:in `show'
Completed 200 OK in 265ms (Views: 1.0ms | ActiveRecord: 35.4ms | Allocations: 3947)


Started POST "/booksearch" for 127.0.0.1 at 2023-01-16 23:04:23 +0530
Processing by BooksearchController#create as */*
  Parameters: {"bookName"=>"Balamitra", "booksearch"=>{"bookName"=>"Balamitra"}}
Completed 500 Internal Server Error in 9ms (ActiveRecord: 0.0ms | Allocations: 410)


  
NameError (uninitialized constant BooksearchController::Bookmanager):
  
app/controllers/booksearch_controller.rb:9:in `create'
Started POST "/booksearch" for 127.0.0.1 at 2023-01-16 23:05:44 +0530
Processing by BooksearchController#create as */*
  Parameters: {"bookName"=>"Balamitra", "booksearch"=>{"bookName"=>"Balamitra"}}
Completed 500 Internal Server Error in 9ms (ActiveRecord: 0.0ms | Allocations: 445)


  
NameError (uninitialized constant BooksearchController::Bookmanager):
  
app/controllers/booksearch_controller.rb:9:in `create'
Started POST "/bookmanager/booksearch" for 127.0.0.1 at 2023-01-16 23:06:47 +0530
  
ActionController::RoutingError (No route matches [POST] "/bookmanager/booksearch"):
  
Started POST "/booksearch" for 127.0.0.1 at 2023-01-16 23:07:54 +0530
Processing by BooksearchController#create as */*
  Parameters: {"bookName"=>"Balamitra", "booksearch"=>{"bookName"=>"Balamitra"}}
Completed 500 Internal Server Error in 7ms (ActiveRecord: 0.0ms | Allocations: 443)


  
NameError (uninitialized constant BooksearchController::Bookmanager):
  
app/controllers/booksearch_controller.rb:9:in `create'
Started POST "/booksearch" for 127.0.0.1 at 2023-01-16 23:13:09 +0530
Processing by BooksearchController#create as */*
  Parameters: {"bookName"=>"Balamitra", "booksearch"=>{"bookName"=>"Balamitra"}}
  [1m[36mBookmanage Load (2.8ms)[0m  [1m[34mSELECT "bookmanages".* FROM "bookmanages" WHERE "bookmanages"."bookAuthor" IS NULL LIMIT $1[0m  [["LIMIT", 1]]
  ↳ app/controllers/booksearch_controller.rb:9:in `create'
Completed 200 OK in 292ms (Views: 0.6ms | ActiveRecord: 61.4ms | Allocations: 4610)


Started POST "/booksearch" for 127.0.0.1 at 2023-01-16 23:15:20 +0530
Processing by BooksearchController#create as */*
  Parameters: {"bookName"=>"Chandamama", "booksearch"=>{"bookName"=>"Chandamama"}}
  [1m[36mBookmanage Load (0.6ms)[0m  [1m[34mSELECT "bookmanages".* FROM "bookmanages" WHERE "bookmanages"."bookAuthor" IS NULL LIMIT $1[0m  [["LIMIT", 1]]
  ↳ app/controllers/booksearch_controller.rb:9:in `create'
Completed 200 OK in 13ms (Views: 0.3ms | ActiveRecord: 0.6ms | Allocations: 743)


Started POST "/booksearch" for 127.0.0.1 at 2023-01-16 23:16:02 +0530
Processing by BooksearchController#create as */*
  Parameters: {"bookName"=>"Harry Potter", "booksearch"=>{"bookName"=>"Harry Potter"}}
  [1m[36mBookmanage Load (0.5ms)[0m  [1m[34mSELECT "bookmanages".* FROM "bookmanages" WHERE "bookmanages"."bookAuthor" IS NULL LIMIT $1[0m  [["LIMIT", 1]]
  ↳ app/controllers/booksearch_controller.rb:9:in `create'
Completed 200 OK in 60ms (Views: 0.6ms | ActiveRecord: 0.5ms | Allocations: 743)


Started POST "/booksearch" for 127.0.0.1 at 2023-01-16 23:17:18 +0530
Processing by BooksearchController#create as */*
  Parameters: {"bookAuthor"=>"KK devi", "booksearch"=>{"bookAuthor"=>"KK devi"}}
  [1m[36mBookmanage Load (0.7ms)[0m  [1m[34mSELECT "bookmanages".* FROM "bookmanages" WHERE "bookmanages"."bookAuthor" = $1 LIMIT $2[0m  [["bookAuthor", "KK devi"], ["LIMIT", 1]]
  ↳ app/controllers/booksearch_controller.rb:9:in `create'
  [1m[36mBookmanage Load (1.0ms)[0m  [1m[34mSELECT "bookmanages".* FROM "bookmanages" WHERE "bookmanages"."bookName" IS NULL LIMIT $1[0m  [["LIMIT", 1]]
  ↳ app/controllers/booksearch_controller.rb:14:in `create'
Completed 200 OK in 31ms (Views: 0.3ms | ActiveRecord: 1.7ms | Allocations: 2653)


Started POST "/booksearch" for 127.0.0.1 at 2023-01-16 23:23:47 +0530
Processing by BooksearchController#create as */*
  Parameters: {"bookAuthor"=>"KK devi", "booksearch"=>{"bookAuthor"=>"KK devi"}}
  [1m[36mBookmanage Load (2.8ms)[0m  [1m[34mSELECT "bookmanages".* FROM "bookmanages" WHERE "bookmanages"."bookAuthor" = $1 LIMIT $2[0m  [["bookAuthor", "KK devi"], ["LIMIT", 1]]
  ↳ app/controllers/booksearch_controller.rb:9:in `create'
  [1m[36mBookmanage Load (0.4ms)[0m  [1m[34mSELECT "bookmanages".* FROM "bookmanages" WHERE "bookmanages"."bookName" IS NULL LIMIT $1[0m  [["LIMIT", 1]]
  ↳ app/controllers/booksearch_controller.rb:14:in `create'
Completed 200 OK in 216ms (Views: 0.5ms | ActiveRecord: 21.7ms | Allocations: 6467)


Started GET "/booksearch/" for 127.0.0.1 at 2023-01-16 23:25:41 +0530
Processing by BooksearchController#index as HTML
  Rendering html template
  Rendered html template (Duration: 0.1ms | Allocations: 5)
Completed 200 OK in 108ms (Views: 103.9ms | ActiveRecord: 0.0ms | Allocations: 344)


